[debug] [2022-08-10T06:48:52.978Z] ----------------------------------------------------------------------
[debug] [2022-08-10T06:48:52.980Z] Command:       C:\Program Files\nodejs\node.exe C:\Users\asus\AppData\Roaming\npm\node_modules\firebase-tools\lib\bin\firebase.js init emulators
[debug] [2022-08-10T06:48:52.981Z] CLI Version:   11.2.1
[debug] [2022-08-10T06:48:52.981Z] Platform:      win32
[debug] [2022-08-10T06:48:52.981Z] Node Version:  v16.14.0
[debug] [2022-08-10T06:48:52.982Z] Time:          Wed Aug 10 2022 12:18:52 GMT+0530 (India Standard Time)
[debug] [2022-08-10T06:48:52.982Z] ----------------------------------------------------------------------
[debug] 
[debug] [2022-08-10T06:48:53.040Z] > command requires scopes: ["email","openid","https://www.googleapis.com/auth/cloudplatformprojects.readonly","https://www.googleapis.com/auth/firebase","https://www.googleapis.com/auth/cloud-platform"]
[debug] [2022-08-10T06:48:53.041Z] > authorizing via signed-in user (aaryapathania1010@gmail.com)
[info] 
     ######## #### ########  ######## ########     ###     ######  ########
     ##        ##  ##     ## ##       ##     ##  ##   ##  ##       ##
     ######    ##  ########  ######   ########  #########  ######  ######
     ##        ##  ##    ##  ##       ##     ## ##     ##       ## ##
     ##       #### ##     ## ######## ########  ##     ##  ######  ########

You're about to initialize a Firebase project in this directory:

  C:\Users\asus\OneDrive\Documents\WebSite_Atom\15. Amazon Clone React

Before we get started, keep in mind:

  * You are initializing within an existing Firebase project directory

[info] 
=== Project Setup
[info] 
[info] First, let's associate this project directory with a Firebase project.
[info] You can create multiple project aliases by running firebase use --add, 
[info] but for now we'll just set up a default project.
[info] 
[debug] [2022-08-10T06:49:03.214Z] Using project from CLI flag: clone-ba8a3
[debug] [2022-08-10T06:49:03.218Z] >>> [apiv2][query] GET https://firebase.googleapis.com/v1beta1/projects/clone-ba8a3 [none]
[debug] [2022-08-10T06:49:04.225Z] <<< [apiv2][status] GET https://firebase.googleapis.com/v1beta1/projects/clone-ba8a3 200
[debug] [2022-08-10T06:49:04.225Z] <<< [apiv2][body] GET https://firebase.googleapis.com/v1beta1/projects/clone-ba8a3 {"projectId":"clone-ba8a3","projectNumber":"115700619253","displayName":"Amazon Clone","name":"projects/clone-ba8a3","resources":{"hostingSite":"clone-ba8a3","storageBucket":"clone-ba8a3.appspot.com","locationId":"us-central"},"state":"ACTIVE","etag":"1_5985d4d4-5418-4534-9938-ded720c1bf3b"}
[info] i  Using project clone-ba8a3 (Amazon Clone) 
[info] 
=== Emulators Setup
[debug] [2022-08-10T06:49:34.801Z] ----------------------------------------------------------------------
[debug] [2022-08-10T06:49:34.803Z] Command:       C:\Program Files\nodejs\node.exe C:\Users\asus\AppData\Roaming\npm\node_modules\firebase-tools\lib\bin\firebase.js init emulators
[debug] [2022-08-10T06:49:34.804Z] CLI Version:   11.2.1
[debug] [2022-08-10T06:49:34.804Z] Platform:      win32
[debug] [2022-08-10T06:49:34.804Z] Node Version:  v16.14.0
[debug] [2022-08-10T06:49:34.805Z] Time:          Wed Aug 10 2022 12:19:34 GMT+0530 (India Standard Time)
[debug] [2022-08-10T06:49:34.805Z] ----------------------------------------------------------------------
[debug] 
[debug] [2022-08-10T06:49:34.864Z] > command requires scopes: ["email","openid","https://www.googleapis.com/auth/cloudplatformprojects.readonly","https://www.googleapis.com/auth/firebase","https://www.googleapis.com/auth/cloud-platform"]
[debug] [2022-08-10T06:49:34.865Z] > authorizing via signed-in user (aaryapathania1010@gmail.com)
[info] 
     ######## #### ########  ######## ########     ###     ######  ########
     ##        ##  ##     ## ##       ##     ##  ##   ##  ##       ##
     ######    ##  ########  ######   ########  #########  ######  ######
     ##        ##  ##    ##  ##       ##     ## ##     ##       ## ##
     ##       #### ##     ## ######## ########  ##     ##  ######  ########

You're about to initialize a Firebase project in this directory:

  C:\Users\asus\OneDrive\Documents\WebSite_Atom\15. Amazon Clone React

Before we get started, keep in mind:

  * You are initializing within an existing Firebase project directory

[info] 
=== Project Setup
[info] 
[info] First, let's associate this project directory with a Firebase project.
[info] You can create multiple project aliases by running firebase use --add, 
[info] but for now we'll just set up a default project.
[info] 
[debug] [2022-08-10T06:49:37.010Z] Using project from CLI flag: clone-ba8a3
[debug] [2022-08-10T06:49:37.015Z] >>> [apiv2][query] GET https://firebase.googleapis.com/v1beta1/projects/clone-ba8a3 [none]
[debug] [2022-08-10T06:49:37.798Z] <<< [apiv2][status] GET https://firebase.googleapis.com/v1beta1/projects/clone-ba8a3 200
[debug] [2022-08-10T06:49:37.798Z] <<< [apiv2][body] GET https://firebase.googleapis.com/v1beta1/projects/clone-ba8a3 {"projectId":"clone-ba8a3","projectNumber":"115700619253","displayName":"Amazon Clone","name":"projects/clone-ba8a3","resources":{"hostingSite":"clone-ba8a3","storageBucket":"clone-ba8a3.appspot.com","locationId":"us-central"},"state":"ACTIVE","etag":"1_5985d4d4-5418-4534-9938-ded720c1bf3b"}
[info] i  Using project clone-ba8a3 (Amazon Clone) 
[info] 
=== Emulators Setup
